nohup: ignoring input
Starting preprocess...
Preprocess completed.
Starting simulated annealing...
Iteration: 0, Valid modifications: 1, Effective modifications: 1, Loss: 13513.34278283421
Iteration: 1000, Valid modifications: 880, Effective modifications: 855, Loss: 18310.05300819886
Iteration: 2000, Valid modifications: 1759, Effective modifications: 1716, Loss: 21366.75484277303
Iteration: 3000, Valid modifications: 2609, Effective modifications: 2544, Loss: 21960.503945378878
Iteration: 4000, Valid modifications: 3448, Effective modifications: 3346, Loss: 22054.609633964705
Iteration: 6000, Valid modifications: 5040, Effective modifications: 4782, Loss: 21950.904537869963
Iteration: 7000, Valid modifications: 5822, Effective modifications: 5434, Loss: 21617.369033991006
Iteration: 8000, Valid modifications: 6548, Effective modifications: 5978, Loss: 21201.686912424426
Iteration: 11000, Valid modifications: 8765, Effective modifications: 7236, Loss: 20324.250394500374
Iteration: 12000, Valid modifications: 9463, Effective modifications: 7515, Loss: 20088.662088364392
Iteration: 15000, Valid modifications: 11572, Effective modifications: 8236, Loss: 19452.948636566238
Iteration: 17000, Valid modifications: 12968, Effective modifications: 8593, Loss: 19070.76102048842
Iteration: 18000, Valid modifications: 13649, Effective modifications: 8763, Loss: 18932.71594946845
Final loss: 18893.28797878667
Final temperature: 0.0009996015309191482
Number of iterations: 18216
Valid modifications: 13809
Effective modifications: 8800
Simulated annealing completed
